Arguments: 
  C:\Program Files\nodejs\node.exe C:\Program Files (x86)\Yarn\bin\yarn.js add chulk

PATH: 
  C:\Users\spany\bin;C:\Program Files\Git\mingw64\bin;C:\Program Files\Git\usr\local\bin;C:\Program Files\Git\usr\bin;C:\Program Files\Git\usr\bin;C:\Program Files\Git\cmd;C:\Windows\system32;C:\Windows;C:\Windows\System32\Wbem;C:\Windows\System32\WindowsPowerShell\v1.0;C:\Windows\System32\OpenSSH;C:\Program Files (x86)\NVIDIA Corporation\PhysX\Common;C:\Program Files\NVIDIA Corporation\NVIDIA NvDLISR;C:\ProgramData\chocolatey\bin;C:\Program Files\Git\cmd;C:\Program Files\nodejs;C:\Program Files (x86)\Yarn\bin;C:\Program Files\Microsoft VS Code\bin;C:\Program Files\PostgreSQL\12\bin;C:\Program Files\Docker\Docker\resources\bin;C:\ProgramData\DockerDesktop\version-bin;C:\Users\spany\.windows-build-tools\python27;%USERPROFILE%\AppData\Local\Microsoft\WindowsApps;C:\Users\spany\AppData\Roaming\npm;C:\Users\spany\AppData\Local\Yarn\bin;C:\Users\spany\AppData\Local\hyper\app-3.0.2\resources\bin;C:\Program Files\Git\usr\bin\vendor_perl;C:\Program Files\Git\usr\bin\core_perl;C:\Program Files\PostgreSQL\12\bin;C:\Program Files\PostgreSQL\12\bin;C:\Program Files\PostgreSQL\12\bin

Yarn version: 
  1.22.5

Node version: 
  15.5.0

Platform: 
  win32 x64

Trace: 
  Error: https://registry.yarnpkg.com/chulk: Not found
      at Request.params.callback [as _callback] (C:\Program Files (x86)\Yarn\lib\cli.js:66097:18)
      at Request.self.callback (C:\Program Files (x86)\Yarn\lib\cli.js:140749:22)
      at Request.emit (node:events:376:20)
      at Request.<anonymous> (C:\Program Files (x86)\Yarn\lib\cli.js:141721:10)
      at Request.emit (node:events:376:20)
      at IncomingMessage.<anonymous> (C:\Program Files (x86)\Yarn\lib\cli.js:141643:12)
      at Object.onceWrapper (node:events:482:28)
      at IncomingMessage.emit (node:events:388:22)
      at endReadableNT (node:internal/streams/readable:1305:12)
      at processTicksAndRejections (node:internal/process/task_queues:80:21)

npm manifest: 
  {
    "name": "random-color-generator-20210119",
    "version": "1.0.0",
    "main": "index.js",
    "repository": "https://github.com/spankoj/random-color-generator-20210119.git",
    "author": "Janos Spanyol <spanyesz@gmail.com>",
    "license": "MIT",
    "dependencies": {
      "color-name": "^1.1.4",
      "colornames": "^1.1.1",
      "i": "^0.3.6",
      "randomcolor": "^0.6.2",
      "randomize-hex": "^1.0.7"
    }
  }

yarn manifest: 
  No manifest

Lockfile: 
  # THIS IS AN AUTOGENERATED FILE. DO NOT EDIT THIS FILE DIRECTLY.
  # yarn lockfile v1
  
  
  color-name@^1.1.4:
    version "1.1.4"
    resolved "https://registry.yarnpkg.com/color-name/-/color-name-1.1.4.tgz#c2a09a87acbde69543de6f63fa3995c826c536a2"
    integrity sha512-dOy+3AuW3a2wNbZHIuMZpTcgjGuLU/uBL/ubcZF9OXbDo8ff4O8yVp5Bf0efS8uEoYo5q4Fx7dY9OgQGXgAsQA==
  
  colornames@^1.1.1:
    version "1.1.1"
    resolved "https://registry.yarnpkg.com/colornames/-/colornames-1.1.1.tgz#f8889030685c7c4ff9e2a559f5077eb76a816f96"
    integrity sha1-+IiQMGhcfE/54qVZ9Qd+t2qBb5Y=
  
  i@^0.3.6:
    version "0.3.6"
    resolved "https://registry.yarnpkg.com/i/-/i-0.3.6.tgz#d96c92732076f072711b6b10fd7d4f65ad8ee23d"
    integrity sha1-2WyScyB28HJxG2sQ/X1PZa2O4j0=
  
  randomcolor@^0.6.2:
    version "0.6.2"
    resolved "https://registry.yarnpkg.com/randomcolor/-/randomcolor-0.6.2.tgz#7a57362ae1a1278439aeed2c15e5deb8ea33f56d"
    integrity sha512-Mn6TbyYpFgwFuQ8KJKqf3bqqY9O1y37/0jgSK/61PUxV4QfIMv0+K2ioq8DfOjkBslcjwSzRfIDEXfzA9aCx7A==
  
  randomize-hex@^1.0.7:
    version "1.0.7"
    resolved "https://registry.yarnpkg.com/randomize-hex/-/randomize-hex-1.0.7.tgz#f0d562379678c59917514c624b6af682743e37fa"
    integrity sha512-ggNm9PmRTw58wrPreYRdljjNGWZrrd2De3L+utrTHM5OhknsJq+xR2TddRvXBRhtTf7c+pqwa+Fs/O5S75EPmg==
